EAC 抓取日志文件从1. 一月 2011, 1:07 用于 CD
蓑部雄崇 / [☆铩钔 ファイブディ`ズ SOUND DUEL 1

使用驱动器  ：HL-DT-STDVDRAM GSA-4082N   Adapter: 0  ID: 1
读取模式    ：不使用 C2，使用精确流, 禁用缓存的安全模式
读取偏移校正：667
读取 Lead-In 和 Lead-Out : 否

所用输出模式：G:\Program Files\CD压缩\FLAC\flac.exe   (用户定义的编码器)
                     320 kBit/s
                     附加命令行参数：-V -5 -T"album=%g" -T"artist=%a" -T"tracknumber=%N" -T"title=%t" -T"date=%y" -T"genre=%m" -T"comment=" %s

其他选项    ：
    用静音填充抓取中丢失偏移的采样 : 是
    去除首尾静音块 : 否
    已安装外部 ASPI 接口


范围状态及错误
已选择范围
     文件名 E:\My Music\[ACG]\(Yu-Gi-Oh)\[EAC](サントラ)[081112] [☆铩钔 ファイブディ`ズ SOUND DUEL 1 (flac+cue+log)\MJCD-20136.flac.wav

     峰值电平 99.9 %
     范围质量 100.0 %
     CRC B9FEAA48
     复制成功

没有错误发生

状态报告结尾
